<?xml version="1.0" encoding="UTF-8"?>
<!-- Generated by org.testng.reporters.JUnitReportReporter -->
<testsuite hostname="QQSPLOXLTP0030" failures="0" tests="1" name="Test.Test1.AppTest" time="0.004" errors="0" timestamp="2022-09-05T17:22:07 IST" skipped="0">
  <testcase classname="Test.Test1.AppTest" name="f" time="0.004"/>
  <system-out/>
</testsuite> <!-- Test.Test1.AppTest -->
